<?xml version="1.0" encoding="UTF-8"?>
<!-- Generated by org.testng.reporters.JUnitReportReporter -->
<testsuite hostname="DESKTOP-62MK6Q3" failures="0" tests="2" name="com.tcsion.Supplier.scripts.SupplierDashboardClass" time="12.440" errors="0" timestamp="2023-02-16T16:08:35 IST" skipped="0">
  <testcase classname="com.tcsion.Supplier.scripts.SupplierDashboardClass" name="verifyDashboardView" time="12.078"/>
  <system-out/>
  <testcase classname="com.tcsion.Supplier.scripts.SupplierDashboardClass" name="verifyRevenueBreakdown" time="0.362"/>
  <system-out/>
</testsuite> <!-- com.tcsion.Supplier.scripts.SupplierDashboardClass -->
