<?xml version="1.0" encoding="UTF-8"?>
<!-- Generated by org.testng.reporters.JUnitReportReporter -->
<testsuite hostname="DESKTOP-62MK6Q3" failures="0" tests="1" name="com.tcsion.Agent.scripts.AgentTopLinkClass" time="77.283" errors="0" timestamp="2023-02-16T16:29:40 IST" skipped="0">
  <testcase classname="com.tcsion.Agent.scripts.AgentTopLinkClass" name="verifyAgentTopLinks" time="77.283"/>
  <system-out/>
</testsuite> <!-- com.tcsion.Agent.scripts.AgentTopLinkClass -->
