<?xml version="1.0" encoding="UTF-8"?>
<!-- Generated by org.testng.reporters.JUnitReportReporter -->
<testsuite hostname="DESKTOP-62MK6Q3" failures="0" tests="1" name="com.tcsion.Admin.scripts.AdminWebsiteClass" time="91.800" errors="0" timestamp="2023-02-17T13:24:35 IST" skipped="0">
  <testcase classname="com.tcsion.Admin.scripts.AdminWebsiteClass" name="verifyWebsite" time="91.800"/>
  <system-out/>
</testsuite> <!-- com.tcsion.Admin.scripts.AdminWebsiteClass -->
