<?xml version="1.0" encoding="UTF-8"?>
<!-- Generated by org.testng.reporters.JUnitReportReporter -->
<testsuite hostname="DESKTOP-62MK6Q3" failures="0" tests="2" name="com.tcsion.Customer.scripts.CustViewVoucherClass" time="21.260" errors="0" timestamp="2023-02-16T16:46:43 IST" skipped="0">
  <testcase classname="com.tcsion.Customer.scripts.CustViewVoucherClass" name="verifyCustLinks" time="4.600"/>
  <system-out/>
  <testcase classname="com.tcsion.Customer.scripts.CustViewVoucherClass" name="verifyCustViewVoucher" time="16.660"/>
  <system-out/>
</testsuite> <!-- com.tcsion.Customer.scripts.CustViewVoucherClass -->
