<?xml version="1.0" encoding="UTF-8"?>
<!-- Generated by org.testng.reporters.JUnitReportReporter -->
<testsuite hostname="DESKTOP-62MK6Q3" failures="0" tests="1" name="com.tcsion.Admin.scripts.AdminBookingClass" time="122.441" errors="0" timestamp="2023-02-17T18:56:37 IST" skipped="0">
  <testcase classname="com.tcsion.Admin.scripts.AdminBookingClass" name="verifyAdminBooking" time="122.441"/>
  <system-out/>
</testsuite> <!-- com.tcsion.Admin.scripts.AdminBookingClass -->
