<?xml version="1.0" encoding="UTF-8"?>
<!-- Generated by org.testng.reporters.JUnitReportReporter -->
<testsuite hostname="DESKTOP-62MK6Q3" failures="0" tests="4" name="com.tcsion.Admin.scripts.AdminLogClass" time="41.127" errors="0" timestamp="2023-02-17T13:24:35 IST" skipped="0">
  <testcase classname="com.tcsion.Admin.scripts.AdminLogClass" name="verifyinvalid1AdminLogin" time="6.741"/>
  <system-out/>
  <testcase classname="com.tcsion.Admin.scripts.AdminLogClass" name="verifyinvalid2AdminLogin" time="11.767"/>
  <system-out/>
  <testcase classname="com.tcsion.Admin.scripts.AdminLogClass" name="verifyinvalid3dminLogin" time="6.348"/>
  <system-out/>
  <testcase classname="com.tcsion.Admin.scripts.AdminLogClass" name="verifyAdminLogin" time="16.271"/>
  <system-out/>
</testsuite> <!-- com.tcsion.Admin.scripts.AdminLogClass -->
