<?xml version="1.0" encoding="UTF-8"?>
<!-- Generated by org.testng.reporters.JUnitReportReporter -->
<testsuite hostname="DESKTOP-62MK6Q3" failures="0" tests="1" name="com.tcsion.Admin.scripts.AdminLogOutClass" time="16.567" errors="0" timestamp="2023-02-17T13:24:34 IST" skipped="0">
  <testcase classname="com.tcsion.Admin.scripts.AdminLogOutClass" name="logout" time="16.567"/>
  <system-out/>
</testsuite> <!-- com.tcsion.Admin.scripts.AdminLogOutClass -->
