<?xml version="1.0" encoding="UTF-8"?>
<!-- Generated by org.testng.reporters.JUnitReportReporter -->
<testsuite hostname="DESKTOP-62MK6Q3" failures="0" tests="1" name="com.tcsion.Admin.scripts.AdminCountTest" time="157.743" errors="0" timestamp="2023-02-17T13:24:34 IST" skipped="0">
  <testcase classname="com.tcsion.Admin.scripts.AdminCountTest" name="Dashboard" time="157.743"/>
  <system-out/>
</testsuite> <!-- com.tcsion.Admin.scripts.AdminCountTest -->
